
=== Starting Image Processing ===
Configuration:
Quality: 85
html_content desktop: (512, 512)
html_content mobile: (256, 256)
threejs_scene desktop: (1024, 1024)
threejs_scene mobile: (256, 256)

Processing: ./archigrad.io/example/demoproject/2.png
Processing desktop ((512, 512))
Error processing image ./archigrad.io/example/demoproject/2.png: module 'PIL.Image' has no attribute 'Resampling'
Processing mobile ((256, 256))
Error processing image ./archigrad.io/example/demoproject/2.png: module 'PIL.Image' has no attribute 'Resampling'
Processing desktop ((1024, 1024))
Error processing image ./archigrad.io/example/demoproject/2.png: module 'PIL.Image' has no attribute 'Resampling'
Processing mobile ((256, 256))
Error processing image ./archigrad.io/example/demoproject/2.png: module 'PIL.Image' has no attribute 'Resampling'

Processing: ./archigrad.io/example/demoproject/1.png
Processing desktop ((512, 512))
Error processing image ./archigrad.io/example/demoproject/1.png: module 'PIL.Image' has no attribute 'Resampling'
Processing mobile ((256, 256))
Error processing image ./archigrad.io/example/demoproject/1.png: module 'PIL.Image' has no attribute 'Resampling'
Processing desktop ((1024, 1024))
Error processing image ./archigrad.io/example/demoproject/1.png: module 'PIL.Image' has no attribute 'Resampling'
Processing mobile ((256, 256))
Error processing image ./archigrad.io/example/demoproject/1.png: module 'PIL.Image' has no attribute 'Resampling'

Processing: ./archigrad.io/example/demoproject/3.png
Processing desktop ((512, 512))
Error processing image ./archigrad.io/example/demoproject/3.png: module 'PIL.Image' has no attribute 'Resampling'
Processing mobile ((256, 256))
Error processing image ./archigrad.io/example/demoproject/3.png: module 'PIL.Image' has no attribute 'Resampling'
Processing desktop ((1024, 1024))
Error processing image ./archigrad.io/example/demoproject/3.png: module 'PIL.Image' has no attribute 'Resampling'
Processing mobile ((256, 256))
Error processing image ./archigrad.io/example/demoproject/3.png: module 'PIL.Image' has no attribute 'Resampling'

Processing: ./archigrad.io/example/demoproject/.1.png
Processing desktop ((512, 512))
Error processing image ./archigrad.io/example/demoproject/.1.png: module 'PIL.Image' has no attribute 'Resampling'
Processing mobile ((256, 256))
Error processing image ./archigrad.io/example/demoproject/.1.png: module 'PIL.Image' has no attribute 'Resampling'
Processing desktop ((1024, 1024))
Error processing image ./archigrad.io/example/demoproject/.1.png: module 'PIL.Image' has no attribute 'Resampling'
Processing mobile ((256, 256))
Error processing image ./archigrad.io/example/demoproject/.1.png: module 'PIL.Image' has no attribute 'Resampling'

=== Image Processing Summary ===
Total processed: 0
Total skipped: 0
Total errors: 16
