
=== Starting Image Processing ===
Configuration:
Quality: 85
html_content desktop: (512, 512)
html_content mobile: (256, 256)
threejs_scene desktop: (1024, 1024)
threejs_scene mobile: (256, 256)

Processing: ./archigrad.io/example/demoproject/.hm_.1.png
Processing desktop ((512, 512))
Successfully processed: ./archigrad.io/example/demoproject/.hd_.hm_.1.png
Processing mobile ((256, 256))
Successfully processed: ./archigrad.io/example/demoproject/.hm_.hm_.1.png
Processing desktop ((1024, 1024))
Successfully processed: ./archigrad.io/example/demoproject/.td_.hm_.1.png
Processing mobile ((256, 256))
Successfully processed: ./archigrad.io/example/demoproject/.tm_.hm_.1.png

Processing: ./archigrad.io/example/demoproject/.hd_3.png
Processing desktop ((512, 512))
Successfully processed: ./archigrad.io/example/demoproject/.hd_.hd_3.png
Processing mobile ((256, 256))
Successfully processed: ./archigrad.io/example/demoproject/.hm_.hd_3.png
Processing desktop ((1024, 1024))
Successfully processed: ./archigrad.io/example/demoproject/.td_.hd_3.png
Processing mobile ((256, 256))
Successfully processed: ./archigrad.io/example/demoproject/.tm_.hd_3.png

Processing: ./archigrad.io/example/demoproject/.tm_.1.png
Processing desktop ((512, 512))
Successfully processed: ./archigrad.io/example/demoproject/.hd_.tm_.1.png
Processing mobile ((256, 256))
Successfully processed: ./archigrad.io/example/demoproject/.hm_.tm_.1.png
Processing desktop ((1024, 1024))
Successfully processed: ./archigrad.io/example/demoproject/.td_.tm_.1.png
Processing mobile ((256, 256))
Successfully processed: ./archigrad.io/example/demoproject/.tm_.tm_.1.png

Processing: ./archigrad.io/example/demoproject/.hd_1.png
Processing desktop ((512, 512))
Successfully processed: ./archigrad.io/example/demoproject/.hd_.hd_1.png
Processing mobile ((256, 256))
Successfully processed: ./archigrad.io/example/demoproject/.hm_.hd_1.png
Processing desktop ((1024, 1024))
Successfully processed: ./archigrad.io/example/demoproject/.td_.hd_1.png
Processing mobile ((256, 256))
Successfully processed: ./archigrad.io/example/demoproject/.tm_.hd_1.png

Processing: ./archigrad.io/example/demoproject/.td_2.png
Processing desktop ((512, 512))
Successfully processed: ./archigrad.io/example/demoproject/.hd_.td_2.png
Processing mobile ((256, 256))
Successfully processed: ./archigrad.io/example/demoproject/.hm_.td_2.png
Processing desktop ((1024, 1024))
Successfully processed: ./archigrad.io/example/demoproject/.td_.td_2.png
Processing mobile ((256, 256))
Successfully processed: ./archigrad.io/example/demoproject/.tm_.td_2.png

Processing: ./archigrad.io/example/demoproject/.hd_2.png
Processing desktop ((512, 512))
Successfully processed: ./archigrad.io/example/demoproject/.hd_.hd_2.png
Processing mobile ((256, 256))
Successfully processed: ./archigrad.io/example/demoproject/.hm_.hd_2.png
Processing desktop ((1024, 1024))
Successfully processed: ./archigrad.io/example/demoproject/.td_.hd_2.png
Processing mobile ((256, 256))
Successfully processed: ./archigrad.io/example/demoproject/.tm_.hd_2.png

Processing: ./archigrad.io/example/demoproject/.hd_.1.png
Processing desktop ((512, 512))
Successfully processed: ./archigrad.io/example/demoproject/.hd_.hd_.1.png
Processing mobile ((256, 256))
Successfully processed: ./archigrad.io/example/demoproject/.hm_.hd_.1.png
Processing desktop ((1024, 1024))
Successfully processed: ./archigrad.io/example/demoproject/.td_.hd_.1.png
Processing mobile ((256, 256))
Successfully processed: ./archigrad.io/example/demoproject/.tm_.hd_.1.png

Processing: ./archigrad.io/example/demoproject/.tm_1.png
Processing desktop ((512, 512))
Successfully processed: ./archigrad.io/example/demoproject/.hd_.tm_1.png
Processing mobile ((256, 256))
Successfully processed: ./archigrad.io/example/demoproject/.hm_.tm_1.png
Processing desktop ((1024, 1024))
Successfully processed: ./archigrad.io/example/demoproject/.td_.tm_1.png
Processing mobile ((256, 256))
Successfully processed: ./archigrad.io/example/demoproject/.tm_.tm_1.png

Processing: ./archigrad.io/example/demoproject/.td_.1.png
Processing desktop ((512, 512))
Successfully processed: ./archigrad.io/example/demoproject/.hd_.td_.1.png
Processing mobile ((256, 256))
Successfully processed: ./archigrad.io/example/demoproject/.hm_.td_.1.png
Processing desktop ((1024, 1024))
Successfully processed: ./archigrad.io/example/demoproject/.td_.td_.1.png
Processing mobile ((256, 256))
Successfully processed: ./archigrad.io/example/demoproject/.tm_.td_.1.png

Processing: ./archigrad.io/example/demoproject/.hm_2.png
Processing desktop ((512, 512))
Successfully processed: ./archigrad.io/example/demoproject/.hd_.hm_2.png
Processing mobile ((256, 256))
Successfully processed: ./archigrad.io/example/demoproject/.hm_.hm_2.png
Processing desktop ((1024, 1024))
Successfully processed: ./archigrad.io/example/demoproject/.td_.hm_2.png
Processing mobile ((256, 256))
Successfully processed: ./archigrad.io/example/demoproject/.tm_.hm_2.png

Processing: ./archigrad.io/example/demoproject/.tm_2.png
Processing desktop ((512, 512))
Successfully processed: ./archigrad.io/example/demoproject/.hd_.tm_2.png
Processing mobile ((256, 256))
Successfully processed: ./archigrad.io/example/demoproject/.hm_.tm_2.png
Processing desktop ((1024, 1024))
Successfully processed: ./archigrad.io/example/demoproject/.td_.tm_2.png
Processing mobile ((256, 256))
Successfully processed: ./archigrad.io/example/demoproject/.tm_.tm_2.png

Processing: ./archigrad.io/example/demoproject/2.png
Skipping desktop ((512, 512)): already processed
Skipping mobile ((256, 256)): already processed
Skipping desktop ((1024, 1024)): already processed
Skipping mobile ((256, 256)): already processed

Processing: ./archigrad.io/example/demoproject/.hm_1.png
Processing desktop ((512, 512))
Successfully processed: ./archigrad.io/example/demoproject/.hd_.hm_1.png
Processing mobile ((256, 256))
Successfully processed: ./archigrad.io/example/demoproject/.hm_.hm_1.png
Processing desktop ((1024, 1024))
Successfully processed: ./archigrad.io/example/demoproject/.td_.hm_1.png
Processing mobile ((256, 256))
Successfully processed: ./archigrad.io/example/demoproject/.tm_.hm_1.png

Processing: ./archigrad.io/example/demoproject/.td_3.png
Processing desktop ((512, 512))
Successfully processed: ./archigrad.io/example/demoproject/.hd_.td_3.png
Processing mobile ((256, 256))
Successfully processed: ./archigrad.io/example/demoproject/.hm_.td_3.png
Processing desktop ((1024, 1024))
Successfully processed: ./archigrad.io/example/demoproject/.td_.td_3.png
Processing mobile ((256, 256))
Successfully processed: ./archigrad.io/example/demoproject/.tm_.td_3.png

Processing: ./archigrad.io/example/demoproject/1.png
Skipping desktop ((512, 512)): already processed
Skipping mobile ((256, 256)): already processed
Skipping desktop ((1024, 1024)): already processed
Skipping mobile ((256, 256)): already processed

Processing: ./archigrad.io/example/demoproject/.hm_3.png
Processing desktop ((512, 512))
Successfully processed: ./archigrad.io/example/demoproject/.hd_.hm_3.png
Processing mobile ((256, 256))
Successfully processed: ./archigrad.io/example/demoproject/.hm_.hm_3.png
Processing desktop ((1024, 1024))
Successfully processed: ./archigrad.io/example/demoproject/.td_.hm_3.png
Processing mobile ((256, 256))
Successfully processed: ./archigrad.io/example/demoproject/.tm_.hm_3.png

Processing: ./archigrad.io/example/demoproject/3.png
Skipping desktop ((512, 512)): already processed
Skipping mobile ((256, 256)): already processed
Skipping desktop ((1024, 1024)): already processed
Skipping mobile ((256, 256)): already processed

Processing: ./archigrad.io/example/demoproject/.tm_3.png
Processing desktop ((512, 512))
Successfully processed: ./archigrad.io/example/demoproject/.hd_.tm_3.png
Processing mobile ((256, 256))
Successfully processed: ./archigrad.io/example/demoproject/.hm_.tm_3.png
Processing desktop ((1024, 1024))
Successfully processed: ./archigrad.io/example/demoproject/.td_.tm_3.png
Processing mobile ((256, 256))
Successfully processed: ./archigrad.io/example/demoproject/.tm_.tm_3.png

Processing: ./archigrad.io/example/demoproject/.1.png
Skipping desktop ((512, 512)): already processed
Skipping mobile ((256, 256)): already processed
Skipping desktop ((1024, 1024)): already processed
Skipping mobile ((256, 256)): already processed

Processing: ./archigrad.io/example/demoproject/.td_1.png
Processing desktop ((512, 512))
Successfully processed: ./archigrad.io/example/demoproject/.hd_.td_1.png
Processing mobile ((256, 256))
Successfully processed: ./archigrad.io/example/demoproject/.hm_.td_1.png
Processing desktop ((1024, 1024))
Successfully processed: ./archigrad.io/example/demoproject/.td_.td_1.png
Processing mobile ((256, 256))
Successfully processed: ./archigrad.io/example/demoproject/.tm_.td_1.png

=== Image Processing Summary ===
Total processed: 64
Total skipped: 16
Total errors: 0

=== Directory Scan Started ===
Root path: ./
Max depth: 5
Allowed extensions: ['jpg', 'png', 'gif', 'txt', 'sh', 'py', 'obj', 'html', 'js', 'json', 'yml', 'mp4', 'css', 'log']
Ignore patterns: ['_*', '.*', 'log*']

Processing directory: ./
Current depth: 0

Processing directory: ./scripts
Current depth: 0
Filtered directories: {'logs'}
Added file: data.json (40479 bytes)
Added file: index2.html (7894 bytes)
Added file: attempt.json (4992 bytes)
Ignored file: .config.yml.swp
Added file: testing.json (12229 bytes)
Added file: index.html (8602 bytes)
Ignored file: .data.json.swp
Added file: config.yml (2732 bytes)

Processing directory: ./scripts/js
Current depth: 1
Added file: main.js (0 bytes)

Processing directory: ./scripts/py
Current depth: 1
Filtered directories: {'__pycache__'}
Ignored file: logger.py
Added file: structure_utils.py (7324 bytes)
Added file: image_utils.py (4541 bytes)
Added file: header_utils.py (5671 bytes)
Added file: generator2.py (11363 bytes)
Added file: config_utils.py (645 bytes)
Ignored file: .image_utils.py.swp
Added file: main.py (839 bytes)

Processing directory: ./scripts/py/scripts
Current depth: 2
Filtered directories: {'logs'}

Processing directory: ./scripts/styles
Current depth: 1
Added file: style.css (942 bytes)

Processing directory: ./archigrad.io
Current depth: 0

Processing directory: ./archigrad.io/example
Current depth: 1

Processing directory: ./archigrad.io/example/demoproject
Current depth: 2
Ignored file: .tm_.hm_1.png
Ignored file: .hd_.hd_2.png
Ignored file: .hm_.1.png
Ignored file: .hd_3.png
Ignored file: .hd_.hd_.1.png
Ignored file: .hd_.hm_2.png
Ignored file: .td_.tm_2.png
Ignored file: .hd_.hd_1.png
Ignored file: .tm_.1.png
Ignored file: .hd_.hm_1.png
Ignored file: .hd_1.png
Ignored file: .td_.hm_1.png
Ignored file: .hm_.tm_.1.png
Ignored file: .hd_.td_2.png
Ignored file: .hd_.hd_3.png
Ignored file: .hm_.tm_1.png
Ignored file: .hm_.hm_3.png
Ignored file: .hd_.td_3.png
Ignored file: .tm_.hd_2.png
Ignored file: .hm_.hd_3.png
Ignored file: .td_2.png
Ignored file: .td_.tm_1.png
Ignored file: .td_.td_1.png
Ignored file: .td_.td_3.png
Ignored file: .td_.hd_.1.png
Ignored file: .td_.hd_2.png
Ignored file: .hd_.tm_.1.png
Ignored file: .tm_.td_.1.png
Ignored file: .hd_2.png
Ignored file: .td_.hm_.1.png
Ignored file: .td_.tm_.1.png
Ignored file: .hd_.tm_2.png
Ignored file: .hd_.1.png
Ignored file: .hd_.hm_3.png
Ignored file: .hm_.hd_2.png
Ignored file: .tm_.tm_1.png
Ignored file: .hm_.td_3.png
Ignored file: .tm_.tm_2.png
Ignored file: .hm_.hm_2.png
Ignored file: .tm_1.png
Ignored file: .td_.td_2.png
Ignored file: .hm_.hd_.1.png
Ignored file: .hm_.td_.1.png
Ignored file: .hd_.td_1.png
Ignored file: .hd_.tm_3.png
Ignored file: .td_.hd_1.png
Ignored file: .hd_.td_.1.png
Ignored file: .td_.td_.1.png
Ignored file: .hm_.tm_3.png
Ignored file: .td_.1.png
Ignored file: .hm_2.png
Ignored file: .tm_.hd_.1.png
Ignored file: .hm_.hd_1.png
Ignored file: .hd_.tm_1.png
Ignored file: .hm_.hm_1.png
Ignored file: .tm_.hd_1.png
Ignored file: .tm_2.png
Ignored file: .tm_.tm_3.png
Added file: 2.png (940332 bytes)
Ignored file: .tm_.hd_3.png
Ignored file: .tm_.td_3.png
Ignored file: .tm_.hm_2.png
Ignored file: .td_.hm_3.png
Ignored file: .hm_.td_1.png
Ignored file: .hm_.hm_.1.png
Ignored file: .hm_1.png
Ignored file: .td_3.png
Ignored file: .hd_.hm_.1.png
Added file: 1.png (838079 bytes)
Ignored file: .td_.tm_3.png
Added file: description.txt (964 bytes)
Ignored file: .td_.hd_3.png
Ignored file: .hm_.td_2.png
Ignored file: .hm_3.png
Added file: 3.png (988067 bytes)
Ignored file: .td_.hm_2.png
Ignored file: .hm_.tm_2.png
Ignored file: .tm_.hm_3.png
Ignored file: .tm_.hm_.1.png
Ignored file: .tm_.td_1.png
Ignored file: .tm_3.png
Ignored file: .tm_.td_2.png
Ignored file: .1.png
Ignored file: .tm_.tm_.1.png
Ignored file: .td_1.png

Processing directory: ./archigrad.io/example/videos
Current depth: 2
Added file: admin_remove_project.mp4 (2036482 bytes)
Added file: website_navigation.mp4 (6494720 bytes)
Added file: admin_upload_project.mp4 (2254824 bytes)

=== Creating File Structure ===
Starting from root: ./

Processing directory: ./

Processing directory: ./archigrad.io

Processing directory: ./archigrad.io/example

Processing directory: ./archigrad.io/example/demoproject
Ignoring item: .1.png
Ignoring item: .hd_.1.png
Ignoring item: .hd_.hd_.1.png
Ignoring item: .hd_.hd_1.png
Ignoring item: .hd_.hd_2.png
Ignoring item: .hd_.hd_3.png
Ignoring item: .hd_.hm_.1.png
Ignoring item: .hd_.hm_1.png
Ignoring item: .hd_.hm_2.png
Ignoring item: .hd_.hm_3.png
Ignoring item: .hd_.td_.1.png
Ignoring item: .hd_.td_1.png
Ignoring item: .hd_.td_2.png
Ignoring item: .hd_.td_3.png
Ignoring item: .hd_.tm_.1.png
Ignoring item: .hd_.tm_1.png
Ignoring item: .hd_.tm_2.png
Ignoring item: .hd_.tm_3.png
Ignoring item: .hd_1.png
Ignoring item: .hd_2.png
Ignoring item: .hd_3.png
Ignoring item: .hm_.1.png
Ignoring item: .hm_.hd_.1.png
Ignoring item: .hm_.hd_1.png
Ignoring item: .hm_.hd_2.png
Ignoring item: .hm_.hd_3.png
Ignoring item: .hm_.hm_.1.png
Ignoring item: .hm_.hm_1.png
Ignoring item: .hm_.hm_2.png
Ignoring item: .hm_.hm_3.png
Ignoring item: .hm_.td_.1.png
Ignoring item: .hm_.td_1.png
Ignoring item: .hm_.td_2.png
Ignoring item: .hm_.td_3.png
Ignoring item: .hm_.tm_.1.png
Ignoring item: .hm_.tm_1.png
Ignoring item: .hm_.tm_2.png
Ignoring item: .hm_.tm_3.png
Ignoring item: .hm_1.png
Ignoring item: .hm_2.png
Ignoring item: .hm_3.png
Ignoring item: .td_.1.png
Ignoring item: .td_.hd_.1.png
Ignoring item: .td_.hd_1.png
Ignoring item: .td_.hd_2.png
Ignoring item: .td_.hd_3.png
Ignoring item: .td_.hm_.1.png
Ignoring item: .td_.hm_1.png
Ignoring item: .td_.hm_2.png
Ignoring item: .td_.hm_3.png
Ignoring item: .td_.td_.1.png
Ignoring item: .td_.td_1.png
Ignoring item: .td_.td_2.png
Ignoring item: .td_.td_3.png
Ignoring item: .td_.tm_.1.png
Ignoring item: .td_.tm_1.png
Ignoring item: .td_.tm_2.png
Ignoring item: .td_.tm_3.png
Ignoring item: .td_1.png
Ignoring item: .td_2.png
Ignoring item: .td_3.png
Ignoring item: .tm_.1.png
Ignoring item: .tm_.hd_.1.png
Ignoring item: .tm_.hd_1.png
Ignoring item: .tm_.hd_2.png
Ignoring item: .tm_.hd_3.png
Ignoring item: .tm_.hm_.1.png
Ignoring item: .tm_.hm_1.png
Ignoring item: .tm_.hm_2.png
Ignoring item: .tm_.hm_3.png
Ignoring item: .tm_.td_.1.png
Ignoring item: .tm_.td_1.png
Ignoring item: .tm_.td_2.png
Ignoring item: .tm_.td_3.png
Ignoring item: .tm_.tm_.1.png
Ignoring item: .tm_.tm_1.png
Ignoring item: .tm_.tm_2.png
Ignoring item: .tm_.tm_3.png
Ignoring item: .tm_1.png
Ignoring item: .tm_2.png
Ignoring item: .tm_3.png
Processed 4 items in ./archigrad.io/example/demoproject
Total directory size: 2767442 bytes

Processing directory: ./archigrad.io/example/videos
Processed 3 items in ./archigrad.io/example/videos
Total directory size: 10786026 bytes
Processed 2 items in ./archigrad.io/example
Total directory size: 13553468 bytes
Processed 1 items in ./archigrad.io
Total directory size: 13553468 bytes

Processing directory: ./scripts
Ignoring item: .config.yml.swp
Ignoring item: .data.json.swp

Processing directory: ./scripts/js
Processed 1 items in ./scripts/js
Total directory size: 0 bytes
Ignoring item: logs

Processing directory: ./scripts/py
Ignoring item: .image_utils.py.swp
Ignoring item: __pycache__
Ignoring item: logger.py

Processing directory: ./scripts/py/scripts
Ignoring item: logs
Processed 0 items in ./scripts/py/scripts
Total directory size: 0 bytes
Processed 7 items in ./scripts/py
Total directory size: 30383 bytes

Processing directory: ./scripts/styles
Processed 1 items in ./scripts/styles
Total directory size: 942 bytes
Processed 9 items in ./scripts
Total directory size: 108253 bytes
Processed 2 items in ./
Total directory size: 13661721 bytes
